2024-12-02 22:29:11.701 +08:00 [INF] Application starting at "2024-12-02T22:29:11.6897802+08:00"
2024-12-02 22:29:11.721 +08:00 [INF] Log file created at: D:\SmartAssistant\src\SmartAssistant.UI\bin\Debug\net8.0\logs\smartassistant.log
2024-12-02 22:31:14.563 +08:00 [INF] Application started successfully
2024-12-02 22:32:19.937 +08:00 [INF] Application starting at "2024-12-02T22:32:19.9266852+08:00"
2024-12-02 22:32:19.965 +08:00 [INF] Log file created at: D:\SmartAssistant\src\SmartAssistant.UI\bin\Debug\net8.0\logs\smartassistant.log
2024-12-02 22:32:23.925 +08:00 [INF] Application started successfully
2024-12-02 22:33:53.954 +08:00 [INF] Application starting at "2024-12-02T22:33:53.9427122+08:00"
2024-12-02 22:33:53.973 +08:00 [INF] Log file created at: D:\SmartAssistant\src\SmartAssistant.UI\bin\Debug\net8.0\logs\smartassistant.log
2024-12-02 22:33:56.957 +08:00 [INF] Application started successfully
2024-12-02 22:46:00.386 +08:00 [INF] Application starting at "2024-12-02T22:46:00.3745600+08:00"
2024-12-02 22:46:00.405 +08:00 [INF] Log file created at: D:\SmartAssistant\src\SmartAssistant.UI\bin\Debug\net8.0\logs\smartassistant.log
2024-12-02 22:46:04.388 +08:00 [INF] Application started successfully
2024-12-02 22:47:23.356 +08:00 [INF] Application starting at "2024-12-02T22:47:23.3480147+08:00"
2024-12-02 22:47:23.377 +08:00 [INF] Log file created at: d:\SmartAssistant\src\SmartAssistant.UI\bin\Debug\net8.0\logs\smartassistant.log
2024-12-02 22:47:26.890 +08:00 [INF] Application started successfully
2024-12-02 22:53:24.564 +08:00 [INF] Application starting at "2024-12-02T22:53:24.5526849+08:00"
2024-12-02 22:53:24.584 +08:00 [INF] Log file created at: D:\SmartAssistant\src\SmartAssistant.UI\bin\Debug\net8.0\logs\smartassistant.log
2024-12-02 22:53:24.616 +08:00 [INF] Application started successfully
2024-12-02 22:53:24.618 +08:00 [INF] Application shutting down...
2024-12-02 22:53:35.499 +08:00 [INF] Application starting at "2024-12-02T22:53:35.4890801+08:00"
2024-12-02 22:53:35.521 +08:00 [INF] Log file created at: D:\SmartAssistant\src\SmartAssistant.UI\bin\Debug\net8.0\logs\smartassistant.log
2024-12-02 22:53:35.558 +08:00 [INF] Application started successfully
2024-12-02 22:53:35.560 +08:00 [INF] Application shutting down...
2024-12-02 22:54:53.164 +08:00 [INF] Application starting at "2024-12-02T22:54:53.1535485+08:00"
2024-12-02 22:54:53.184 +08:00 [INF] Log file created at: D:\SmartAssistant\src\SmartAssistant.UI\bin\Debug\net8.0\logs\smartassistant.log
2024-12-02 22:54:53.227 +08:00 [INF] Application started successfully
2024-12-02 22:54:53.229 +08:00 [INF] Application shutting down...
2024-12-02 23:02:02.752 +08:00 [INF] Application starting at "2024-12-02T23:02:02.7395430+08:00"
2024-12-02 23:02:02.772 +08:00 [INF] Log file created at: D:\SmartAssistant\src\SmartAssistant.UI\bin\Debug\net8.0\logs\smartassistant.log
2024-12-02 23:14:47.707 +08:00 [INF] Application started successfully
